<?xml version="1.0" encoding="UTF-8"?>
<!-- Generated by org.testng.reporters.JUnitReportReporter -->
<testsuite hostname="DESKTOP-4DMM42L" failures="0" tests="1" name="testcase.EditLead" time="34.082" errors="0" timestamp="2021-09-04T19:32:16 IST" skipped="0">
  <testcase classname="testcase.EditLead" name="runEdit" time="34.082"/>
  <system-out/>
</testsuite> <!-- testcase.EditLead -->
