<?xml version="1.0" encoding="UTF-8"?>
<!-- Generated by org.testng.reporters.JUnitReportReporter -->
<testsuite hostname="DESKTOP-4DMM42L" failures="0" tests="2" name="week5.day1.NewTest" time="0.014" errors="0" timestamp="2021-09-04T17:58:42 IST" skipped="0">
  <testcase classname="week5.day1.NewTest" name="test1" time="0.010"/>
  <system-out/>
  <testcase classname="week5.day1.NewTest" name="test2" time="0.004"/>
  <system-out/>
</testsuite> <!-- week5.day1.NewTest -->
