<?xml version="1.0" encoding="UTF-8"?>
<!-- Generated by org.testng.reporters.JUnitReportReporter -->
<testsuite hostname="DESKTOP-4DMM42L" failures="0" tests="1" name="testcase.CreateLead" time="24.158" errors="0" timestamp="2021-09-04T19:32:16 IST" skipped="0">
  <testcase classname="testcase.CreateLead" name="runcreateLead" time="24.158"/>
  <system-out/>
</testsuite> <!-- testcase.CreateLead -->
