<?xml version="1.0" encoding="UTF-8"?>
<!-- Generated by org.testng.reporters.JUnitReportReporter -->
<testsuite hostname="DESKTOP-4DMM42L" failures="0" tests="1" name="TestngSample" time="13.160" errors="0" timestamp="2021-09-02T16:05:08 IST" skipped="0">
  <testcase classname="TestngSample" name="loginPage" time="13.160"/>
  <system-out/>
</testsuite> <!-- TestngSample -->
